<html>
<head>
<title>TestNG:  Surefire test</title>
<link href="../testng.css" rel="stylesheet" type="text/css" />
<link href="../my-testng.css" rel="stylesheet" type="text/css" />

<style type="text/css">
.log { display: none;} 
.stack-trace { display: none;} 
</style>
<script type="text/javascript">
<!--
function flip(e) {
  current = e.style.display;
  if (current == 'block') {
    e.style.display = 'none';
    return 0;
  }
  else {
    e.style.display = 'block';
    return 1;
  }
}

function toggleBox(szDivId, elem, msg1, msg2)
{
  var res = -1;  if (document.getElementById) {
    res = flip(document.getElementById(szDivId));
  }
  else if (document.all) {
    // this is the way old msie versions work
    res = flip(document.all[szDivId]);
  }
  if(elem) {
    if(res == 0) elem.innerHTML = msg1; else elem.innerHTML = msg2;
  }

}

function toggleAllBoxes() {
  if (document.getElementsByTagName) {
    d = document.getElementsByTagName('div');
    for (i = 0; i < d.length; i++) {
      if (d[i].className == 'log') {
        flip(d[i]);
      }
    }
  }
}

// -->
</script>

</head>
<body>
<h2 align='center'>Surefire test</h2><table border='1' align="center">
<tr>
<td>Tests passed/Failed/Skipped:</td><td>13/0/0</td>
</tr><tr>
<td>Started on:</td><td>Tue Jun 04 07:41:14 IST 2019</td>
</tr>
<tr><td>Total time:</td><td>1 seconds (1092 ms)</td>
</tr><tr>
<td>Included groups:</td><td></td>
</tr><tr>
<td>Excluded groups:</td><td></td>
</tr>
</table><p/>
<small><i>(Hover the method name to see the test class name)</i></small><p/>
<table width='100%' border='1' class='invocation-passed'>
<tr><td colspan='4' align='center'><b>PASSED TESTS</b></td></tr>
<tr><td><b>Test method</b></td>
<td width="30%"><b>Exception</b></td>
<td width="10%"><b>Time (seconds)</b></td>
<td><b>Instance</b></td>
</tr>
<tr>
<td title='com.varun.notificationsolution.util.UtilityTest.airlineListToMapNullTest()'><b>airlineListToMapNullTest</b><br>Test class: com.varun.notificationsolution.util.UtilityTest</td>
<td></td>
<td>0</td>
<td>com.varun.notificationsolution.util.UtilityTest@4a23350</td></tr>
<tr>
<td title='com.varun.notificationsolution.util.UtilityTest.airlineListToMapTest()'><b>airlineListToMapTest</b><br>Test class: com.varun.notificationsolution.util.UtilityTest</td>
<td></td>
<td>0</td>
<td>com.varun.notificationsolution.util.UtilityTest@4a23350</td></tr>
<tr>
<td title='com.varun.notificationsolution.service.WorkflowTest.csvReaderException()'><b>csvReaderException</b><br>Test class: com.varun.notificationsolution.service.WorkflowTest</td>
<td></td>
<td>0</td>
<td>com.varun.notificationsolution.service.WorkflowTest@6ec65b5e</td></tr>
<tr>
<td title='com.varun.notificationsolution.service.WorkflowTest.emailCreatorException()'><b>emailCreatorException</b><br>Test class: com.varun.notificationsolution.service.WorkflowTest</td>
<td></td>
<td>0</td>
<td>com.varun.notificationsolution.service.WorkflowTest@6ec65b5e</td></tr>
<tr>
<td title='com.varun.notificationsolution.util.EntryComparatorTest.equalDates()'><b>equalDates</b><br>Test class: com.varun.notificationsolution.util.EntryComparatorTest</td>
<td></td>
<td>0</td>
<td>com.varun.notificationsolution.util.EntryComparatorTest@7b78ed6a</td></tr>
<tr>
<td title='com.varun.notificationsolution.util.CSVReaderUtilTest.filePathUnreadableTest()'><b>filePathUnreadableTest</b><br>Test class: com.varun.notificationsolution.util.CSVReaderUtilTest</td>
<td><div><pre>java.io.FileNotFoundException: class path resource [random] cannot be resolved to absolute file path because it does not exist
	at org.springframework.util.ResourceUtils.getFile(ResourceUtils.java:177)
	at com.varun.notificationsolution.util.CSVReaderUtil.getAllEntries(CSVReaderUtil.java:30)
	at com.varun.notificationsolution.util.CSVReaderUtilTest.filePathUnreadableTest(CSVReaderUtilTest.java:21)
... Removed 29 stack frames</pre></div><a href='#' onClick='toggleBox("stack-trace2142411945", this, "Click to show all stack frames", "Click to hide stack frames")'>Click to show all stack frames</a>
<div class='stack-trace' id='stack-trace2142411945'><pre>java.io.FileNotFoundException: class path resource [random] cannot be resolved to absolute file path because it does not exist
	at org.springframework.util.ResourceUtils.getFile(ResourceUtils.java:177)
	at com.varun.notificationsolution.util.CSVReaderUtil.getAllEntries(CSVReaderUtil.java:30)
	at com.varun.notificationsolution.util.CSVReaderUtilTest.filePathUnreadableTest(CSVReaderUtilTest.java:21)
	at sun.reflect.NativeMethodAccessorImpl.invoke0(Native Method)
	at sun.reflect.NativeMethodAccessorImpl.invoke(NativeMethodAccessorImpl.java:62)
	at sun.reflect.DelegatingMethodAccessorImpl.invoke(DelegatingMethodAccessorImpl.java:43)
	at java.lang.reflect.Method.invoke(Method.java:498)
	at org.testng.internal.MethodInvocationHelper.invokeMethod(MethodInvocationHelper.java:86)
	at org.testng.internal.Invoker.invokeMethod(Invoker.java:643)
	at org.testng.internal.Invoker.invokeTestMethod(Invoker.java:820)
	at org.testng.internal.Invoker.invokeTestMethods(Invoker.java:1128)
	at org.testng.internal.TestMethodWorker.invokeTestMethods(TestMethodWorker.java:129)
	at org.testng.internal.TestMethodWorker.run(TestMethodWorker.java:112)
	at org.testng.TestRunner.privateRun(TestRunner.java:782)
	at org.testng.TestRunner.run(TestRunner.java:632)
	at org.testng.SuiteRunner.runTest(SuiteRunner.java:366)
	at org.testng.SuiteRunner.runSequentially(SuiteRunner.java:361)
	at org.testng.SuiteRunner.privateRun(SuiteRunner.java:319)
	at org.testng.SuiteRunner.run(SuiteRunner.java:268)
	at org.testng.SuiteRunnerWorker.runSuite(SuiteRunnerWorker.java:52)
	at org.testng.SuiteRunnerWorker.run(SuiteRunnerWorker.java:86)
	at org.testng.TestNG.runSuitesSequentially(TestNG.java:1244)
	at org.testng.TestNG.runSuitesLocally(TestNG.java:1169)
	at org.testng.TestNG.run(TestNG.java:1064)
	at org.apache.maven.surefire.testng.TestNGExecutor.run(TestNGExecutor.java:135)
	at org.apache.maven.surefire.testng.TestNGDirectoryTestSuite.executeMulti(TestNGDirectoryTestSuite.java:193)
	at org.apache.maven.surefire.testng.TestNGDirectoryTestSuite.execute(TestNGDirectoryTestSuite.java:94)
	at org.apache.maven.surefire.testng.TestNGProvider.invoke(TestNGProvider.java:146)
	at org.apache.maven.surefire.booter.ForkedBooter.invokeProviderInSameClassLoader(ForkedBooter.java:384)
	at org.apache.maven.surefire.booter.ForkedBooter.runSuitesInProcess(ForkedBooter.java:345)
	at org.apache.maven.surefire.booter.ForkedBooter.execute(ForkedBooter.java:126)
	at org.apache.maven.surefire.booter.ForkedBooter.main(ForkedBooter.java:418)
</pre></div></td>
<td>0</td>
<td>com.varun.notificationsolution.util.CSVReaderUtilTest@451882b2</td></tr>
<tr>
<td title='com.varun.notificationsolution.util.JsonFileReaderUtilTest.filePathUnreadableTest()'><b>filePathUnreadableTest</b><br>Test class: com.varun.notificationsolution.util.JsonFileReaderUtilTest</td>
<td><div><pre>java.io.FileNotFoundException: class path resource [random] cannot be resolved to absolute file path because it does not exist
	at org.springframework.util.ResourceUtils.getFile(ResourceUtils.java:177)
	at com.varun.notificationsolution.util.JsonFileReaderUtil.getAllAirlines(JsonFileReaderUtil.java:25)
	at com.varun.notificationsolution.util.JsonFileReaderUtilTest.filePathUnreadableTest(JsonFileReaderUtilTest.java:20)
... Removed 29 stack frames</pre></div><a href='#' onClick='toggleBox("stack-trace1694804085", this, "Click to show all stack frames", "Click to hide stack frames")'>Click to show all stack frames</a>
<div class='stack-trace' id='stack-trace1694804085'><pre>java.io.FileNotFoundException: class path resource [random] cannot be resolved to absolute file path because it does not exist
	at org.springframework.util.ResourceUtils.getFile(ResourceUtils.java:177)
	at com.varun.notificationsolution.util.JsonFileReaderUtil.getAllAirlines(JsonFileReaderUtil.java:25)
	at com.varun.notificationsolution.util.JsonFileReaderUtilTest.filePathUnreadableTest(JsonFileReaderUtilTest.java:20)
	at sun.reflect.NativeMethodAccessorImpl.invoke0(Native Method)
	at sun.reflect.NativeMethodAccessorImpl.invoke(NativeMethodAccessorImpl.java:62)
	at sun.reflect.DelegatingMethodAccessorImpl.invoke(DelegatingMethodAccessorImpl.java:43)
	at java.lang.reflect.Method.invoke(Method.java:498)
	at org.testng.internal.MethodInvocationHelper.invokeMethod(MethodInvocationHelper.java:86)
	at org.testng.internal.Invoker.invokeMethod(Invoker.java:643)
	at org.testng.internal.Invoker.invokeTestMethod(Invoker.java:820)
	at org.testng.internal.Invoker.invokeTestMethods(Invoker.java:1128)
	at org.testng.internal.TestMethodWorker.invokeTestMethods(TestMethodWorker.java:129)
	at org.testng.internal.TestMethodWorker.run(TestMethodWorker.java:112)
	at org.testng.TestRunner.privateRun(TestRunner.java:782)
	at org.testng.TestRunner.run(TestRunner.java:632)
	at org.testng.SuiteRunner.runTest(SuiteRunner.java:366)
	at org.testng.SuiteRunner.runSequentially(SuiteRunner.java:361)
	at org.testng.SuiteRunner.privateRun(SuiteRunner.java:319)
	at org.testng.SuiteRunner.run(SuiteRunner.java:268)
	at org.testng.SuiteRunnerWorker.runSuite(SuiteRunnerWorker.java:52)
	at org.testng.SuiteRunnerWorker.run(SuiteRunnerWorker.java:86)
	at org.testng.TestNG.runSuitesSequentially(TestNG.java:1244)
	at org.testng.TestNG.runSuitesLocally(TestNG.java:1169)
	at org.testng.TestNG.run(TestNG.java:1064)
	at org.apache.maven.surefire.testng.TestNGExecutor.run(TestNGExecutor.java:135)
	at org.apache.maven.surefire.testng.TestNGDirectoryTestSuite.executeMulti(TestNGDirectoryTestSuite.java:193)
	at org.apache.maven.surefire.testng.TestNGDirectoryTestSuite.execute(TestNGDirectoryTestSuite.java:94)
	at org.apache.maven.surefire.testng.TestNGProvider.invoke(TestNGProvider.java:146)
	at org.apache.maven.surefire.booter.ForkedBooter.invokeProviderInSameClassLoader(ForkedBooter.java:384)
	at org.apache.maven.surefire.booter.ForkedBooter.runSuitesInProcess(ForkedBooter.java:345)
	at org.apache.maven.surefire.booter.ForkedBooter.execute(ForkedBooter.java:126)
	at org.apache.maven.surefire.booter.ForkedBooter.main(ForkedBooter.java:418)
</pre></div></td>
<td>0</td>
<td>com.varun.notificationsolution.util.JsonFileReaderUtilTest@6fca5907</td></tr>
<tr>
<td title='com.varun.notificationsolution.util.EntryComparatorTest.firstDateGreater()'><b>firstDateGreater</b><br>Test class: com.varun.notificationsolution.util.EntryComparatorTest</td>
<td></td>
<td>0</td>
<td>com.varun.notificationsolution.util.EntryComparatorTest@7b78ed6a</td></tr>
<tr>
<td title='com.varun.notificationsolution.service.WorkflowTest.jsonReaderException()'><b>jsonReaderException</b><br>Test class: com.varun.notificationsolution.service.WorkflowTest</td>
<td></td>
<td>0</td>
<td>com.varun.notificationsolution.service.WorkflowTest@6ec65b5e</td></tr>
<tr>
<td title='com.varun.notificationsolution.util.CSVReaderUtilTest.positiveTest()'><b>positiveTest</b><br>Test class: com.varun.notificationsolution.util.CSVReaderUtilTest</td>
<td></td>
<td>0</td>
<td>com.varun.notificationsolution.util.CSVReaderUtilTest@451882b2</td></tr>
<tr>
<td title='com.varun.notificationsolution.util.JsonFileReaderUtilTest.positiveTest()'><b>positiveTest</b><br>Test class: com.varun.notificationsolution.util.JsonFileReaderUtilTest</td>
<td></td>
<td>0</td>
<td>com.varun.notificationsolution.util.JsonFileReaderUtilTest@6fca5907</td></tr>
<tr>
<td title='com.varun.notificationsolution.service.WorkflowTest.positiveTest()'><b>positiveTest</b><br>Test class: com.varun.notificationsolution.service.WorkflowTest</td>
<td></td>
<td>0</td>
<td>com.varun.notificationsolution.service.WorkflowTest@6ec65b5e</td></tr>
<tr>
<td title='com.varun.notificationsolution.util.EntryComparatorTest.secondDateGreater()'><b>secondDateGreater</b><br>Test class: com.varun.notificationsolution.util.EntryComparatorTest</td>
<td></td>
<td>0</td>
<td>com.varun.notificationsolution.util.EntryComparatorTest@7b78ed6a</td></tr>
</table><p>
</body>
</html>